[09-03-2018 12:25:59.053] (CheckManager) Enabled check chat.Spam
[09-03-2018 12:25:59.059] (CheckManager) Enabled check combat.Hitbox
[09-03-2018 12:25:59.063] (CheckManager) Enabled check combat.Fastbow
[09-03-2018 12:25:59.066] (CheckManager) Enabled check combat.FightSpeed
[09-03-2018 12:25:59.071] (CheckManager) Enabled check combat.Regen
[09-03-2018 12:25:59.071] (CheckManager) Enabled check combat.FastUse
[09-03-2018 12:25:59.079] (CheckManager) Enabled check combat.Killaura
[09-03-2018 12:25:59.104] (CheckManager) Enabled check combat.Heuristics
[09-03-2018 12:25:59.133] (CheckManager) Enabled check movement.BadPackets
[09-03-2018 12:25:59.155] (CheckManager) Enabled check movement.Speed
[09-03-2018 12:25:59.179] (CheckManager) Enabled check movement.Phase
[09-03-2018 12:25:59.206] (CheckManager) Enabled check movement.Fly
[09-03-2018 12:25:59.211] (CheckManager) Enabled check movement.NoFall
[09-03-2018 12:25:59.215] (CheckManager) Enabled check movement.Jesus
[09-03-2018 12:25:59.220] (CheckManager) Enabled check movement.Derp
[09-03-2018 12:25:59.224] (CheckManager) Enabled check combat.Criticals
[09-03-2018 12:25:59.242] (CheckManager) Enabled check world.FastBreak
[09-03-2018 12:25:59.246] (CheckManager) Enabled check world.FastPlace
[09-03-2018 12:25:59.252] (CheckManager) Enabled check world.Nuker
[09-03-2018 12:25:59.255] (CheckManager) Enabled check world.NoSwing
[09-03-2018 12:25:59.261] (CheckManager) Enabled check world.Interact
[09-03-2018 12:25:59.269] (CheckManager) Enabled check world.Velocity
[09-03-2018 12:25:59.277] (CheckManager) Enabled check MovementManager
[09-03-2018 12:25:59.286] AAC has been enabled
[09-03-2018 12:26:05.736] (TPSManager) TPS dropped to 16.75041876046901
[09-03-2018 12:26:05.738] (CheckManager) Disabled check movement.BadPackets
[09-03-2018 12:26:05.738] (CheckManager) Disabled check combat.FightSpeed
[09-03-2018 12:26:05.739] (CheckManager) Disabled check world.NoSwing
[09-03-2018 12:26:05.739] (CheckManager) Disabled check combat.Hitbox
[09-03-2018 12:26:06.041] (CheckManager) Enabled check combat.Hitbox
[09-03-2018 12:26:06.041] (CheckManager) Enabled check world.NoSwing
[09-03-2018 12:26:06.042] (CheckManager) Enabled check movement.BadPackets
[09-03-2018 12:26:06.042] (CheckManager) Enabled check combat.FightSpeed
